<?xml version="1.0" encoding="UTF-8"?>
<testng-results ignored="0" total="2" passed="2" failed="0" skipped="0">
  <reporter-output>
  </reporter-output>
  <suite started-at="2022-08-10T23:50:30 ART" name="Suite" finished-at="2022-08-10T23:50:52 ART" duration-ms="21957">
    <groups>
    </groups>
    <test started-at="2022-08-10T23:50:30 ART" name="Test" finished-at="2022-08-10T23:50:52 ART" duration-ms="21957">
      <class name="Ejemplo.Ejemplo.EJ">
        <test-method is-config="true" signature="setUp()[pri:0, instance:Ejemplo.Ejemplo.EJ@703580bf]" started-at="2022-08-10T23:49:43 ART" name="setUp" finished-at="2022-08-10T23:50:05 ART" duration-ms="21958" status="PASS">
          <reporter-output>
          </reporter-output>
        </test-method> <!-- setUp -->
        <test-method signature="busqueda()[pri:0, instance:Ejemplo.Ejemplo.EJ@703580bf]" started-at="2022-08-10T23:50:30 ART" name="busqueda" finished-at="2022-08-10T23:50:39 ART" duration-ms="8601" status="PASS">
          <reporter-output>
          </reporter-output>
        </test-method> <!-- busqueda -->
        <test-method is-config="true" signature="tearDown()[pri:0, instance:Ejemplo.Ejemplo.EJ@703580bf]" started-at="2022-08-10T23:50:49 ART" name="tearDown" finished-at="2022-08-10T23:50:52 ART" duration-ms="2742" status="PASS">
          <reporter-output>
          </reporter-output>
        </test-method> <!-- tearDown -->
      </class> <!-- Ejemplo.Ejemplo.EJ -->
      <class name="Ejemplo.Ejemplo.EJ1">
        <test-method is-config="true" signature="setUp()[pri:0, instance:Ejemplo.Ejemplo.EJ1@5a63f509]" started-at="2022-08-10T23:50:05 ART" name="setUp" finished-at="2022-08-10T23:50:30 ART" duration-ms="25074" status="PASS">
          <reporter-output>
          </reporter-output>
        </test-method> <!-- setUp -->
        <test-method signature="alertaAcept()[pri:0, instance:Ejemplo.Ejemplo.EJ1@5a63f509]" started-at="2022-08-10T23:50:39 ART" name="alertaAcept" finished-at="2022-08-10T23:50:49 ART" duration-ms="10444" status="PASS">
          <reporter-output>
          </reporter-output>
        </test-method> <!-- alertaAcept -->
        <test-method is-config="true" signature="tearDown()[pri:0, instance:Ejemplo.Ejemplo.EJ1@5a63f509]" started-at="2022-08-10T23:50:52 ART" name="tearDown" finished-at="2022-08-10T23:50:52 ART" duration-ms="95" status="PASS">
          <reporter-output>
          </reporter-output>
        </test-method> <!-- tearDown -->
      </class> <!-- Ejemplo.Ejemplo.EJ1 -->
    </test> <!-- Test -->
  </suite> <!-- Suite -->
</testng-results>
