<?xml version="1.0" encoding="UTF-8"?>
<testng-results ignored="0" total="2" passed="2" failed="0" skipped="0">
  <reporter-output>
  </reporter-output>
  <suite started-at="2022-08-10T21:44:00 ART" name="Suite" finished-at="2022-08-10T21:44:14 ART" duration-ms="14347">
    <groups>
    </groups>
    <test started-at="2022-08-10T21:44:00 ART" name="Test" finished-at="2022-08-10T21:44:14 ART" duration-ms="14347">
      <class name="Ejemplo.Ejemplo.EJ">
        <test-method is-config="true" signature="setUp()[pri:0, instance:Ejemplo.Ejemplo.EJ@4a883b15]" started-at="2022-08-10T21:43:39 ART" name="setUp" finished-at="2022-08-10T21:43:47 ART" duration-ms="8375" status="PASS">
          <reporter-output>
          </reporter-output>
        </test-method> <!-- setUp -->
        <test-method signature="busqueda()[pri:0, instance:Ejemplo.Ejemplo.EJ@4a883b15]" started-at="2022-08-10T21:44:00 ART" name="busqueda" finished-at="2022-08-10T21:44:05 ART" duration-ms="5372" status="PASS">
          <reporter-output>
          </reporter-output>
        </test-method> <!-- busqueda -->
        <test-method is-config="true" signature="tearDown()[pri:0, instance:Ejemplo.Ejemplo.EJ@4a883b15]" started-at="2022-08-10T21:44:12 ART" name="tearDown" finished-at="2022-08-10T21:44:14 ART" duration-ms="2352" status="PASS">
          <reporter-output>
          </reporter-output>
        </test-method> <!-- tearDown -->
      </class> <!-- Ejemplo.Ejemplo.EJ -->
      <class name="Ejemplo.Ejemplo.EJ1">
        <test-method is-config="true" signature="setUp()[pri:0, instance:Ejemplo.Ejemplo.EJ1@1e0b4072]" started-at="2022-08-10T21:43:47 ART" name="setUp" finished-at="2022-08-10T21:44:00 ART" duration-ms="12440" status="PASS">
          <reporter-output>
          </reporter-output>
        </test-method> <!-- setUp -->
        <test-method signature="alertaAcept()[pri:0, instance:Ejemplo.Ejemplo.EJ1@1e0b4072]" started-at="2022-08-10T21:44:05 ART" name="alertaAcept" finished-at="2022-08-10T21:44:12 ART" duration-ms="6449" status="PASS">
          <reporter-output>
          </reporter-output>
        </test-method> <!-- alertaAcept -->
        <test-method is-config="true" signature="tearDown()[pri:0, instance:Ejemplo.Ejemplo.EJ1@1e0b4072]" started-at="2022-08-10T21:44:14 ART" name="tearDown" finished-at="2022-08-10T21:44:14 ART" duration-ms="91" status="PASS">
          <reporter-output>
          </reporter-output>
        </test-method> <!-- tearDown -->
      </class> <!-- Ejemplo.Ejemplo.EJ1 -->
    </test> <!-- Test -->
  </suite> <!-- Suite -->
</testng-results>
